TN:
SF:src/EjercicioPE102/AddReduce.ts
FN:11,(anonymous_0)
FN:17,(anonymous_1)
FN:19,(anonymous_2)
FN:28,(anonymous_3)
FN:37,(anonymous_4)
FNF:5
FNH:5
FNDA:2,(anonymous_0)
FNDA:4,(anonymous_1)
FNDA:16,(anonymous_2)
FNDA:2,(anonymous_3)
FNDA:2,(anonymous_4)
DA:1,1
DA:6,1
DA:11,2
DA:12,2
DA:18,4
DA:19,4
DA:20,16
DA:22,4
DA:29,2
DA:30,2
DA:31,2
DA:38,2
DA:39,2
DA:40,2
LF:14
LH:14
BRF:0
BRH:0
end_of_record
TN:
SF:src/EjercicioPE102/DivReduce.ts
FN:11,(anonymous_0)
FN:17,(anonymous_1)
FN:19,(anonymous_2)
FN:28,(anonymous_3)
FN:37,(anonymous_4)
FNF:5
FNH:5
FNDA:2,(anonymous_0)
FNDA:4,(anonymous_1)
FNDA:16,(anonymous_2)
FNDA:2,(anonymous_3)
FNDA:2,(anonymous_4)
DA:1,1
DA:6,1
DA:11,2
DA:12,2
DA:18,4
DA:19,4
DA:20,16
DA:22,4
DA:29,2
DA:30,2
DA:31,2
DA:38,2
DA:39,2
DA:40,2
LF:14
LH:14
BRF:0
BRH:0
end_of_record
TN:
SF:src/EjercicioPE102/ProdReduce.ts
FN:11,(anonymous_0)
FN:17,(anonymous_1)
FN:19,(anonymous_2)
FN:28,(anonymous_3)
FN:37,(anonymous_4)
FNF:5
FNH:5
FNDA:2,(anonymous_0)
FNDA:4,(anonymous_1)
FNDA:16,(anonymous_2)
FNDA:2,(anonymous_3)
FNDA:2,(anonymous_4)
DA:1,1
DA:6,1
DA:11,2
DA:12,2
DA:18,4
DA:19,4
DA:20,16
DA:22,4
DA:29,2
DA:30,2
DA:31,2
DA:38,2
DA:39,2
DA:40,2
LF:14
LH:14
BRF:0
BRH:0
end_of_record
TN:
SF:src/EjercicioPE102/ReduceTemplate.ts
FN:9,(anonymous_0)
FN:15,(anonymous_1)
FN:31,(anonymous_2)
FN:35,(anonymous_3)
FNF:4
FNH:2
FNDA:8,(anonymous_0)
FNDA:4,(anonymous_1)
FNDA:0,(anonymous_2)
FNDA:0,(anonymous_3)
DA:4,1
DA:9,8
DA:17,4
DA:19,4
DA:21,4
DA:22,4
LF:6
LH:6
BRF:0
BRH:0
end_of_record
TN:
SF:src/EjercicioPE102/SubReduce.ts
FN:11,(anonymous_0)
FN:17,(anonymous_1)
FN:19,(anonymous_2)
FN:28,(anonymous_3)
FN:37,(anonymous_4)
FNF:5
FNH:5
FNDA:2,(anonymous_0)
FNDA:4,(anonymous_1)
FNDA:16,(anonymous_2)
FNDA:2,(anonymous_3)
FNDA:2,(anonymous_4)
DA:1,1
DA:6,1
DA:11,2
DA:12,2
DA:18,4
DA:19,4
DA:20,16
DA:22,4
DA:29,2
DA:30,2
DA:31,2
DA:38,2
DA:39,2
DA:40,2
LF:14
LH:14
BRF:0
BRH:0
end_of_record
TN:
SF:src/Notas/Note.ts
FN:12,(anonymous_0)
FN:19,(anonymous_1)
FN:26,(anonymous_2)
FN:33,(anonymous_3)
FN:40,(anonymous_4)
FN:48,(anonymous_5)
FNF:6
FNH:6
FNDA:8,(anonymous_0)
FNDA:1,(anonymous_1)
FNDA:1,(anonymous_2)
FNDA:1,(anonymous_3)
FNDA:1,(anonymous_4)
FNDA:2,(anonymous_5)
DA:4,4
DA:12,8
DA:13,8
DA:20,1
DA:27,1
DA:34,1
DA:41,1
DA:49,2
LF:8
LH:8
BRF:0
BRH:0
end_of_record
TN:
SF:src/Notas/note-app.ts
FN:10,(anonymous_0)
FN:48,(anonymous_1)
FN:49,(anonymous_2)
FN:52,(anonymous_3)
FN:55,(anonymous_4)
FN:65,(anonymous_5)
FN:75,(anonymous_6)
FN:119,(anonymous_7)
FN:122,(anonymous_8)
FN:127,(anonymous_9)
FN:136,(anonymous_10)
FN:139,(anonymous_11)
FN:152,(anonymous_12)
FN:182,(anonymous_13)
FN:184,(anonymous_14)
FN:212,(anonymous_15)
FN:216,(anonymous_16)
FN:260,(anonymous_17)
FN:262,(anonymous_18)
FN:267,(anonymous_19)
FN:268,(anonymous_20)
FNF:21
FNH:12
FNDA:3,(anonymous_0)
FNDA:1,(anonymous_1)
FNDA:1,(anonymous_2)
FNDA:0,(anonymous_3)
FNDA:0,(anonymous_4)
FNDA:1,(anonymous_5)
FNDA:1,(anonymous_6)
FNDA:1,(anonymous_7)
FNDA:1,(anonymous_8)
FNDA:1,(anonymous_9)
FNDA:1,(anonymous_10)
FNDA:1,(anonymous_11)
FNDA:0,(anonymous_12)
FNDA:1,(anonymous_13)
FNDA:1,(anonymous_14)
FNDA:0,(anonymous_15)
FNDA:0,(anonymous_16)
FNDA:0,(anonymous_17)
FNDA:0,(anonymous_18)
FNDA:0,(anonymous_19)
FNDA:0,(anonymous_20)
DA:2,3
DA:3,3
DA:4,3
DA:5,3
DA:10,3
DA:11,3
DA:12,3
DA:13,3
DA:14,3
DA:15,3
DA:16,3
DA:17,3
DA:18,3
DA:19,3
DA:23,3
DA:49,1
DA:50,1
DA:51,0
DA:52,0
DA:53,0
DA:55,0
DA:56,0
DA:57,0
DA:59,0
DA:64,1
DA:65,1
DA:66,1
DA:67,0
DA:70,1
DA:71,0
DA:72,0
DA:74,1
DA:75,1
DA:76,1
DA:77,0
DA:79,1
DA:89,3
DA:120,1
DA:121,1
DA:122,1
DA:123,1
DA:124,0
DA:126,1
DA:127,1
DA:128,1
DA:129,0
DA:132,1
DA:133,0
DA:135,1
DA:136,1
DA:137,1
DA:139,1
DA:140,1
DA:141,0
DA:143,1
DA:151,0
DA:152,0
DA:153,0
DA:154,0
DA:156,0
DA:162,0
DA:167,3
DA:183,1
DA:184,1
DA:185,1
DA:186,0
DA:188,1
DA:192,0
DA:197,3
DA:213,0
DA:214,0
DA:215,0
DA:216,0
DA:217,0
DA:218,0
DA:220,0
DA:221,0
DA:222,0
DA:223,0
DA:225,0
DA:226,0
DA:227,0
DA:229,0
DA:230,0
DA:231,0
DA:233,0
DA:234,0
DA:235,0
DA:237,0
DA:238,0
DA:239,0
DA:245,0
DA:250,3
DA:261,0
DA:262,0
DA:263,0
DA:264,0
DA:266,0
DA:267,0
DA:268,0
DA:269,0
DA:270,0
DA:272,0
DA:273,0
DA:274,0
DA:276,0
DA:277,0
DA:279,0
DA:280,0
DA:282,0
DA:283,0
DA:285,0
DA:286,0
DA:296,3
LF:114
LH:48
BRDA:10,0,0,3
BRDA:10,0,1,3
BRDA:50,1,0,0
BRDA:50,1,1,1
BRDA:51,2,0,0
BRDA:51,2,1,0
BRDA:51,3,0,0
BRDA:51,3,1,0
BRDA:51,3,2,0
BRDA:51,3,3,0
BRDA:53,4,0,0
BRDA:53,4,1,0
BRDA:56,5,0,0
BRDA:56,5,1,0
BRDA:66,6,0,0
BRDA:66,6,1,1
BRDA:70,7,0,0
BRDA:70,7,1,1
BRDA:74,8,0,1
BRDA:74,8,1,0
BRDA:74,9,0,1
BRDA:74,9,1,1
BRDA:74,9,2,1
BRDA:74,9,3,1
BRDA:76,10,0,0
BRDA:76,10,1,1
BRDA:120,11,0,1
BRDA:120,11,1,0
BRDA:121,12,0,1
BRDA:121,12,1,0
BRDA:123,13,0,0
BRDA:123,13,1,1
BRDA:128,14,0,0
BRDA:128,14,1,1
BRDA:132,15,0,0
BRDA:132,15,1,1
BRDA:135,16,0,1
BRDA:135,16,1,0
BRDA:135,17,0,1
BRDA:135,17,1,1
BRDA:135,17,2,1
BRDA:135,17,3,1
BRDA:137,18,0,0
BRDA:137,18,1,1
BRDA:140,19,0,0
BRDA:140,19,1,1
BRDA:151,20,0,0
BRDA:151,20,1,0
BRDA:151,21,0,0
BRDA:151,21,1,0
BRDA:151,21,2,0
BRDA:151,21,3,0
BRDA:153,22,0,0
BRDA:153,22,1,0
BRDA:183,23,0,1
BRDA:183,23,1,0
BRDA:185,24,0,0
BRDA:185,24,1,1
BRDA:213,25,0,0
BRDA:213,25,1,0
BRDA:214,26,0,0
BRDA:214,26,1,0
BRDA:217,27,0,0
BRDA:217,27,1,0
BRDA:223,28,0,0
BRDA:223,28,1,0
BRDA:223,28,2,0
BRDA:223,28,3,0
BRDA:261,29,0,0
BRDA:261,29,1,0
BRDA:263,30,0,0
BRDA:263,30,1,0
BRDA:269,31,0,0
BRDA:269,31,1,0
BRDA:274,32,0,0
BRDA:274,32,1,0
BRDA:274,32,2,0
BRDA:274,32,3,0
BRF:78
BRH:25
end_of_record
