TN:
SF:src/EjercicioPE102/AddReduce.ts
FN:11,(anonymous_0)
FN:17,(anonymous_1)
FN:19,(anonymous_2)
FN:28,(anonymous_3)
FN:37,(anonymous_4)
FNF:5
FNH:5
FNDA:2,(anonymous_0)
FNDA:4,(anonymous_1)
FNDA:16,(anonymous_2)
FNDA:2,(anonymous_3)
FNDA:2,(anonymous_4)
DA:1,1
DA:6,1
DA:11,2
DA:12,2
DA:18,4
DA:19,4
DA:20,16
DA:22,4
DA:29,2
DA:30,2
DA:31,2
DA:38,2
DA:39,2
DA:40,2
LF:14
LH:14
BRF:0
BRH:0
end_of_record
TN:
SF:src/EjercicioPE102/DivReduce.ts
FN:11,(anonymous_0)
FN:17,(anonymous_1)
FN:19,(anonymous_2)
FN:28,(anonymous_3)
FN:37,(anonymous_4)
FNF:5
FNH:5
FNDA:2,(anonymous_0)
FNDA:4,(anonymous_1)
FNDA:16,(anonymous_2)
FNDA:2,(anonymous_3)
FNDA:2,(anonymous_4)
DA:1,1
DA:6,1
DA:11,2
DA:12,2
DA:18,4
DA:19,4
DA:20,16
DA:22,4
DA:29,2
DA:30,2
DA:31,2
DA:38,2
DA:39,2
DA:40,2
LF:14
LH:14
BRF:0
BRH:0
end_of_record
TN:
SF:src/EjercicioPE102/ProdReduce.ts
FN:11,(anonymous_0)
FN:17,(anonymous_1)
FN:19,(anonymous_2)
FN:28,(anonymous_3)
FN:37,(anonymous_4)
FNF:5
FNH:5
FNDA:2,(anonymous_0)
FNDA:4,(anonymous_1)
FNDA:16,(anonymous_2)
FNDA:2,(anonymous_3)
FNDA:2,(anonymous_4)
DA:1,1
DA:6,1
DA:11,2
DA:12,2
DA:18,4
DA:19,4
DA:20,16
DA:22,4
DA:29,2
DA:30,2
DA:31,2
DA:38,2
DA:39,2
DA:40,2
LF:14
LH:14
BRF:0
BRH:0
end_of_record
TN:
SF:src/EjercicioPE102/ReduceTemplate.ts
FN:9,(anonymous_0)
FN:15,(anonymous_1)
FN:31,(anonymous_2)
FN:35,(anonymous_3)
FNF:4
FNH:2
FNDA:8,(anonymous_0)
FNDA:4,(anonymous_1)
FNDA:0,(anonymous_2)
FNDA:0,(anonymous_3)
DA:4,1
DA:9,8
DA:17,4
DA:19,4
DA:21,4
DA:22,4
LF:6
LH:6
BRF:0
BRH:0
end_of_record
TN:
SF:src/EjercicioPE102/SubReduce.ts
FN:11,(anonymous_0)
FN:17,(anonymous_1)
FN:19,(anonymous_2)
FN:28,(anonymous_3)
FN:37,(anonymous_4)
FNF:5
FNH:5
FNDA:2,(anonymous_0)
FNDA:4,(anonymous_1)
FNDA:16,(anonymous_2)
FNDA:2,(anonymous_3)
FNDA:2,(anonymous_4)
DA:1,1
DA:6,1
DA:11,2
DA:12,2
DA:18,4
DA:19,4
DA:20,16
DA:22,4
DA:29,2
DA:30,2
DA:31,2
DA:38,2
DA:39,2
DA:40,2
LF:14
LH:14
BRF:0
BRH:0
end_of_record
